3.
Autotrace Enabled
Shows the execution plan as well as statistics of the statement.

MISTNOSTID  POCETAKCI
---------- ----------
       314          5
       207          4
       312          4
       125          4
       392          4

Explain Plan
-----------------------------------------------------------

PLAN_TABLE_OUTPUT                                                                                                                                                                                                                                                                                           
------------------------------------------------------------------------------------------------------------------------------------------------------------------------------------------------------------------------------------------------------------------------------------------------------------
Plan hash value: 3479348298
 
----------------------------------------------------------------------------------------
| Id  | Operation               | Name         | Rows  | Bytes | Cost (%CPU)| Time     |
----------------------------------------------------------------------------------------
|   0 | SELECT STATEMENT        |              |     5 |   130 |     5  (40)| 00:00:01 |
|*  1 |  COUNT STOPKEY          |              |       |       |            |          |
|   2 |   VIEW                  |              |   361 |  9386 |     5  (40)| 00:00:01 |
|*  3 |    SORT ORDER BY STOPKEY|              |   361 |  1444 |     5  (40)| 00:00:01 |
|   4 |     HASH GROUP BY       |              |   361 |  1444 |     5  (40)| 00:00:01 |
|   5 |      TABLE ACCESS FULL  | VYUKOVA_AKCE |   500 |  2000 |     3   (0)| 00:00:01 |

PLAN_TABLE_OUTPUT                                                                                                                                                                                                                                                                                           
------------------------------------------------------------------------------------------------------------------------------------------------------------------------------------------------------------------------------------------------------------------------------------------------------------
----------------------------------------------------------------------------------------
 
Predicate Information (identified by operation id):
---------------------------------------------------
 
   1 - filter(ROWNUM<6)
   3 - filter(ROWNUM<6)

Unable to gather statistics please ensure user has correct access.
The statistic feature requires that the user is granted select on v_$sesstat, v_$statname and v_$session.

5.
Autotrace Enabled
Shows the execution plan as well as statistics of the statement.
no rows selected
Explain Plan
-----------------------------------------------------------

PLAN_TABLE_OUTPUT                                                                                                                                                                                                                                                                                           
------------------------------------------------------------------------------------------------------------------------------------------------------------------------------------------------------------------------------------------------------------------------------------------------------------
Plan hash value: 2307765485
 
-------------------------------------------------------------------------------------------------
| Id  | Operation                     | Name            | Rows  | Bytes | Cost (%CPU)| Time     |
-------------------------------------------------------------------------------------------------
|   0 | SELECT STATEMENT              |                 |     1 |    46 |     1   (0)| 00:00:01 |
|   1 |  SORT GROUP BY NOSORT         |                 |     1 |    46 |     1   (0)| 00:00:01 |
|   2 |   NESTED LOOPS                |                 |       |       |            |          |
|   3 |    NESTED LOOPS               |                 |     1 |    46 |     1   (0)| 00:00:01 |
|   4 |     INDEX FULL SCAN           | RELATION_11_PK  |     1 |    26 |     1   (0)| 00:00:01 |
|*  5 |     INDEX UNIQUE SCAN         | VYUKOVA_AKCE_PK |     1 |       |     0   (0)| 00:00:01 |

PLAN_TABLE_OUTPUT                                                                                                                                                                                                                                                                                           
------------------------------------------------------------------------------------------------------------------------------------------------------------------------------------------------------------------------------------------------------------------------------------------------------------
|   6 |    TABLE ACCESS BY INDEX ROWID| VYUKOVA_AKCE    |     1 |    20 |     0   (0)| 00:00:01 |
-------------------------------------------------------------------------------------------------
 
Predicate Information (identified by operation id):
---------------------------------------------------
 
   5 - access("VA"."VYUKOVAAKCEID"="V"."VYUKOVAAKCEID")

Unable to gather statistics please ensure user has correct access.
The statistic feature requires that the user is granted select on v_$sesstat, v_$statname and v_$session.