Autotrace Enabled
Shows the execution plan as well as statistics of the statement.

KODUCEBNY  Počet studentů
---------- --------------
B2                      1
B2                      1
P3                      1
P3                      1
125                     1
125                     1
A18                     1
A18                     1
E14                     1
E14                     1
E16                     1

KODUCEBNY  Počet studentů
---------- --------------
E16                     1
E18                     1
E18                     1
E26                     1
E26                     1
S32                     1
S32                     1
1310                    1
1310                    1
3360                    1
3360                    1

KODUCEBNY  Počet studentů
---------- --------------
4210                    1
4210                    1
AULA                    1
AULA                    1
PX03                    1
PX03                    1
PX12                    1
PX12                    1
22183                   1
22183                   1
32452                   1

KODUCEBNY  Počet studentů
---------- --------------
32452                   1
52450                   1
52450                   1
72220                   1
72220                   1
81030                   1
81030                   1
93290                   1
93290                   1
94200                   1
94200                   1

KODUCEBNY  Počet studentů
---------- --------------
                       22

45 rows selected. 

Explain Plan
-----------------------------------------------------------

PLAN_TABLE_OUTPUT                                                                                                                                                                                                                                                                                           
------------------------------------------------------------------------------------------------------------------------------------------------------------------------------------------------------------------------------------------------------------------------------------------------------------
Plan hash value: 3606631771
 
-----------------------------------------------------------------------------------------
| Id  | Operation              | Name           | Rows  | Bytes | Cost (%CPU)| Time     |
-----------------------------------------------------------------------------------------
|   0 | SELECT STATEMENT       |                |    32 |  2048 |    13  (24)| 00:00:01 |
|   1 |  SORT ORDER BY         |                |    32 |  2048 |    13  (24)| 00:00:01 |
|   2 |   SORT GROUP BY ROLLUP |                |    32 |  2048 |    13  (24)| 00:00:01 |
|*  3 |    FILTER              |                |       |       |            |          |
|*  4 |     HASH JOIN          |                |    32 |  2048 |    11  (10)| 00:00:01 |
|*  5 |      HASH JOIN         |                |    32 |  1600 |     7  (15)| 00:00:01 |

PLAN_TABLE_OUTPUT                                                                                                                                                                                                                                                                                           
------------------------------------------------------------------------------------------------------------------------------------------------------------------------------------------------------------------------------------------------------------------------------------------------------------
|   6 |       TABLE ACCESS FULL| ZAPIS_PREDMETU |    32 |   832 |     3   (0)| 00:00:01 |
|*  7 |       TABLE ACCESS FULL| VYUKOVA_AKCE   |   268 |  6432 |     3   (0)| 00:00:01 |
|   8 |      TABLE ACCESS FULL | MISTNOST       |   649 |  9086 |     4   (0)| 00:00:01 |
-----------------------------------------------------------------------------------------
 
Predicate Information (identified by operation id):
---------------------------------------------------
 
   3 - filter(TO_DATE('31.12.19','DD.MM.RR')<TO_DATE('01.01.21','DD.MM.RR'))
   4 - access("M"."MISTNOSTID"="VA"."MISTNOSTID")
   5 - access("VA"."VYUKOVAAKCEID"="ZP"."VYUKOVAAKCEID")

PLAN_TABLE_OUTPUT                                                                                                                                                                                                                                                                                           
------------------------------------------------------------------------------------------------------------------------------------------------------------------------------------------------------------------------------------------------------------------------------------------------------------
   7 - filter("VA"."konec"<TO_DATE('01.01.21','DD.MM.RR') AND 
              "VA"."pocatek">TO_DATE('31.12.19','DD.MM.RR') AND 
              "VA"."pocatek"<TO_DATE('01.01.21','DD.MM.RR') AND 
              "VA"."konec">TO_DATE('31.12.19','DD.MM.RR'))
 
Note
-----
   - dynamic sampling used for this statement (level=2)

Unable to gather statistics please ensure user has correct access.
The statistic feature requires that the user is granted select on v_$sesstat, v_$statname and v_$session.


JMENO                                              PRIJMENI                                           Počet studentů
-------------------------------------------------- -------------------------------------------------- --------------
Jaroslav                                           Seibert                                                         1

Explain Plan
-----------------------------------------------------------

PLAN_TABLE_OUTPUT                                                                                                                                                                                                                                                                                           
------------------------------------------------------------------------------------------------------------------------------------------------------------------------------------------------------------------------------------------------------------------------------------------------------------
Plan hash value: 2332484355
 
-------------------------------------------------------------------------------------------
| Id  | Operation                | Name           | Rows  | Bytes | Cost (%CPU)| Time     |
-------------------------------------------------------------------------------------------
|   0 | SELECT STATEMENT         |                |     1 |   117 |    19  (16)| 00:00:01 |
|*  1 |  COUNT STOPKEY           |                |       |       |            |          |
|   2 |   VIEW                   |                |    32 |  3744 |    19  (16)| 00:00:01 |
|*  3 |    SORT ORDER BY STOPKEY |                |    32 |  2272 |    19  (16)| 00:00:01 |
|   4 |     HASH GROUP BY        |                |    32 |  2272 |    19  (16)| 00:00:01 |
|*  5 |      FILTER              |                |       |       |            |          |

PLAN_TABLE_OUTPUT                                                                                                                                                                                                                                                                                           
------------------------------------------------------------------------------------------------------------------------------------------------------------------------------------------------------------------------------------------------------------------------------------------------------------
|*  6 |       HASH JOIN          |                |    32 |  2272 |    17   (6)| 00:00:01 |
|*  7 |        HASH JOIN         |                |    32 |  1216 |     7  (15)| 00:00:01 |
|   8 |         TABLE ACCESS FULL| ZAPIS_PREDMETU |    32 |   832 |     3   (0)| 00:00:01 |
|*  9 |         TABLE ACCESS FULL| VYUKOVA_AKCE   |   268 |  3216 |     3   (0)| 00:00:01 |
|  10 |        TABLE ACCESS FULL | PRACOVNIK      |  1123 | 37059 |    10   (0)| 00:00:01 |
-------------------------------------------------------------------------------------------
 
Predicate Information (identified by operation id):
---------------------------------------------------
 
   1 - filter(ROWNUM=1)

PLAN_TABLE_OUTPUT                                                                                                                                                                                                                                                                                           
------------------------------------------------------------------------------------------------------------------------------------------------------------------------------------------------------------------------------------------------------------------------------------------------------------
   3 - filter(ROWNUM=1)
   5 - filter(TO_DATE('31.12.19','DD.MM.RR')<TO_DATE('01.07.20','DD.MM.RR'))
   6 - access("P"."PRACOVNIKID"="ZP"."PRACOVNIKID")
   7 - access("ZP"."VYUKOVAAKCEID"="VA"."VYUKOVAAKCEID")
   9 - filter("VA"."pocatek"<TO_DATE('01.07.20','DD.MM.RR') AND 
              "VA"."pocatek">TO_DATE('31.12.19','DD.MM.RR'))
 
Note
-----
   - dynamic sampling used for this statement (level=2)

Unable to gather statistics please ensure user has correct access.
The statistic feature requires that the user is granted select on v_$sesstat, v_$statname and v_$session.
